<?xml version="1.0" encoding="UTF-8"?>
<testsuite name="com.gestiontraza.app.lectores.XlsxWriterTest" tests="2" skipped="0" failures="0" errors="0" timestamp="2026-09-24T02:03:27" hostname="22-DTI_N122134" time="0.055">
  <properties/>
  <testcase name="escapaCaracteresEspecialesEnElTexto" classname="com.gestiontraza.app.lectores.XlsxWriterTest" time="0.048"/>
  <testcase name="generaUnXlsxValidoQueConservaElCeroInicial" classname="com.gestiontraza.app.lectores.XlsxWriterTest" time="0.007"/>
  <system-out><![CDATA[]]></system-out>
  <system-err><![CDATA[]]></system-err>
</testsuite>
